0 info it worked if it ends with ok
1 verbose cli [ 'C:\\Program Files\\nodejs\\node.exe',
1 verbose cli   'C:\\Users\\Asher\\AppData\\Roaming\\npm\\node_modules\\npm\\bin\\npm-cli.js',
1 verbose cli   'start' ]
2 info using npm@4.0.5
3 info using node@v6.9.1
4 verbose run-script [ 'prestart', 'start', 'poststart' ]
5 info lifecycle footballsite@0.0.0~prestart: footballsite@0.0.0
6 silly lifecycle footballsite@0.0.0~prestart: no script for prestart, continuing
7 info lifecycle footballsite@0.0.0~start: footballsite@0.0.0
8 verbose lifecycle footballsite@0.0.0~start: unsafe-perm in lifecycle true
9 verbose lifecycle footballsite@0.0.0~start: PATH: C:\Users\Asher\AppData\Roaming\npm\node_modules\npm\bin\node-gyp-bin;C:\Users\Asher\Google Drive\NodeJS Work\Football (ejs, express, mongo)\footballsite\node_modules\.bin;C:\Users\Asher\AppData\Roaming\npm;C:\Program Files\nodejs\;C:\Windows\system32;C:\Windows;C:\Windows\System32\Wbem;C:\Windows\System32\WindowsPowerShell\v1.0\;C:\Program Files\nodejs\;C:\Program Files\MongoDB\Server\3.4\bin;C:\Users\Asher\AppData\Local\Microsoft\WindowsApps;C:\Users\Asher\AppData\Roaming\npm;C:\Program Files (x86)\Microsoft VS Code\bin
10 verbose lifecycle footballsite@0.0.0~start: CWD: C:\Users\Asher\Google Drive\NodeJS Work\Football (ejs, express, mongo)\footballsite
11 silly lifecycle footballsite@0.0.0~start: Args: [ '/d /s /c', 'node ./bin/www' ]
12 silly lifecycle footballsite@0.0.0~start: Returned: code: 1  signal: null
13 info lifecycle footballsite@0.0.0~start: Failed to exec start script
14 verbose stack Error: footballsite@0.0.0 start: `node ./bin/www`
14 verbose stack Exit status 1
14 verbose stack     at EventEmitter.<anonymous> (C:\Users\Asher\AppData\Roaming\npm\node_modules\npm\lib\utils\lifecycle.js:279:16)
14 verbose stack     at emitTwo (events.js:106:13)
14 verbose stack     at EventEmitter.emit (events.js:191:7)
14 verbose stack     at ChildProcess.<anonymous> (C:\Users\Asher\AppData\Roaming\npm\node_modules\npm\lib\utils\spawn.js:40:14)
14 verbose stack     at emitTwo (events.js:106:13)
14 verbose stack     at ChildProcess.emit (events.js:191:7)
14 verbose stack     at maybeClose (internal/child_process.js:877:16)
14 verbose stack     at Process.ChildProcess._handle.onexit (internal/child_process.js:226:5)
15 verbose pkgid footballsite@0.0.0
16 verbose cwd C:\Users\Asher\Google Drive\NodeJS Work\Football (ejs, express, mongo)\footballsite
17 error Windows_NT 10.0.14393
18 error argv "C:\\Program Files\\nodejs\\node.exe" "C:\\Users\\Asher\\AppData\\Roaming\\npm\\node_modules\\npm\\bin\\npm-cli.js" "start"
19 error node v6.9.1
20 error npm  v4.0.5
21 error code ELIFECYCLE
22 error footballsite@0.0.0 start: `node ./bin/www`
22 error Exit status 1
23 error Failed at the footballsite@0.0.0 start script 'node ./bin/www'.
23 error Make sure you have the latest version of node.js and npm installed.
23 error If you do, this is most likely a problem with the footballsite package,
23 error not with npm itself.
23 error Tell the author that this fails on your system:
23 error     node ./bin/www
23 error You can get information on how to open an issue for this project with:
23 error     npm bugs footballsite
23 error Or if that isn't available, you can get their info via:
23 error     npm owner ls footballsite
23 error There is likely additional logging output above.
24 verbose exit [ 1, true ]
